--------------------------------------------------
---- Marvellouse Platform Surveillance System ----
Log created at: Sat Feb  7 20:56:09 2026
--------------------------------------------------


-------------System Report----------------------------------------------------------------
CPU Usage: 3.8%
--------------------------------------------------
Ram Usage: 51.2%
--------------------------------------------------
Disk Usage Report: 
--------------------------------------------------
C:\  -> used 52.1%
G:\  -> used 100.0%
--------------------------------------------------
Network Usage Report: 
--------------------------------------------------
Sent : 1289338.0 MB 
Received : 2148009.0 MB 
--------------------------------------------------
--------- Process Log ---------
